生成启动时间为 2014/6/25 19:39:52。
     1>项目“C:\Users\tanghailong\projects\worksnew\vn2d\dep\freetype\builds\windows\vc2013\freetype.vcxproj”在节点 2 上(Rebuild 个目标)。
     1>ClCompile:
         C:\Program Files (x86)\Microsoft Visual Studio 12.0\VC\bin\CL.exe /c /I..\..\..\include /nologo /W0 /WX- /MP /O2 /Ob1 /Oy- /D NDEBUG /D WIN32 /D _LIB /D _CRT_SECURE_NO_WARNINGS /D FT2_BUILD_LIBRARY /D _USING_V110_SDK71_ /D _MBCS /GF /Gm- /EHsc /MD /GS /Gy /fp:precise /Za /Zc:wchar_t /Zc:forScope /Fo".\..\..\..\objs\release\\" /Fd".\..\..\..\objs\release\vc120.pdb" /Gd /TC /wd4001 /analyze- /errorReport:prompt ..\..\..\src\autofit\autofit.c ..\..\..\src\bdf\bdf.c ..\..\..\src\cff\cff.c ..\..\..\src\base\ftbase.c ..\..\..\src\base\ftbitmap.c ..\..\..\src\cache\ftcache.c ..\..\..\src\base\ftfstype.c ..\..\..\src\base\ftgasp.c ..\..\..\src\base\ftglyph.c ..\..\..\src\gzip\ftgzip.c ..\..\..\src\base\ftinit.c ..\..\..\src\lzw\ftlzw.c ..\..\..\src\base\ftstroke.c ..\..\..\src\base\ftsystem.c ..\..\..\src\smooth\smooth.c ..\..\..\src\base\ftbbox.c ..\..\..\src\base\ftmm.c ..\..\..\src\base\ftpfr.c ..\..\..\src\base\ftsynth.c ..\..\..\src\base\fttype1.c ..\..\..\src\base\ftwinfnt.c ..\..\..\src\base\ftxf86.c ..\..\..\src\base\ftlcdfil.c ..\..\..\src\base\ftgxval.c ..\..\..\src\base\ftotval.c ..\..\..\src\base\ftpatent.c ..\..\..\src\pcf\pcf.c ..\..\..\src\pfr\pfr.c ..\..\..\src\psaux\psaux.c ..\..\..\src\pshinter\pshinter.c ..\..\..\src\psnames\psmodule.c ..\..\..\src\raster\raster.c ..\..\..\src\sfnt\sfnt.c ..\..\..\src\truetype\truetype.c ..\..\..\src\type1\type1.c ..\..\..\src\cid\type1cid.c ..\..\..\src\type42\type42.c ..\..\..\src\winfonts\winfnt.c
         autofit.c
         bdf.c
         cff.c
         ftbase.c
         ftbitmap.c
         ftcache.c
         ftfstype.c
         ftgasp.c
         ftglyph.c
         ftgzip.c
         ftinit.c
         ftlzw.c
         ftstroke.c
         ftsystem.c
         smooth.c
         ftbbox.c
         ftmm.c
         ftpfr.c
         ftsynth.c
         fttype1.c
         ftwinfnt.c
         ftxf86.c
         ftlcdfil.c
         ftgxval.c
         ftotval.c
         ftpatent.c
         pcf.c
         pfr.c
         psaux.c
         pshinter.c
         psmodule.c
         raster.c
         sfnt.c
         truetype.c
         type1.c
         type1cid.c
         type42.c
         winfnt.c
         C:\Program Files (x86)\Microsoft Visual Studio 12.0\VC\bin\CL.exe /c /I..\..\..\include /nologo /W0 /WX- /MP /O2 /Ob1 /Oy- /D NDEBUG /D WIN32 /D _LIB /D _CRT_SECURE_NO_WARNINGS /D FT2_BUILD_LIBRARY /D _USING_V110_SDK71_ /D _MBCS /GF /Gm- /EHsc /MD /GS /Gy /fp:precise /Zc:wchar_t /Zc:forScope /Fo".\..\..\..\objs\release\\" /Fd".\..\..\..\objs\release\vc120.pdb" /Gd /TC /wd4001 /analyze- /errorReport:prompt ..\ftdebug.c
         ftdebug.c
       Lib:
         C:\Program Files (x86)\Microsoft Visual Studio 12.0\VC\bin\Lib.exe /OUT:".\..\..\..\objs\win32\vc2010\freetype252.lib" /NOLOGO .\..\..\..\objs\release\autofit.obj
         .\..\..\..\objs\release\bdf.obj
         .\..\..\..\objs\release\cff.obj
         .\..\..\..\objs\release\ftbase.obj
         .\..\..\..\objs\release\ftbitmap.obj
         .\..\..\..\objs\release\ftcache.obj
         .\..\..\..\objs\release\ftdebug.obj
         .\..\..\..\objs\release\ftfstype.obj
         .\..\..\..\objs\release\ftgasp.obj
         .\..\..\..\objs\release\ftglyph.obj
         .\..\..\..\objs\release\ftgzip.obj
         .\..\..\..\objs\release\ftinit.obj
         .\..\..\..\objs\release\ftlzw.obj
         .\..\..\..\objs\release\ftstroke.obj
         .\..\..\..\objs\release\ftsystem.obj
         .\..\..\..\objs\release\smooth.obj
         .\..\..\..\objs\release\ftbbox.obj
         .\..\..\..\objs\release\ftmm.obj
         .\..\..\..\objs\release\ftpfr.obj
         .\..\..\..\objs\release\ftsynth.obj
         .\..\..\..\objs\release\fttype1.obj
         .\..\..\..\objs\release\ftwinfnt.obj
         .\..\..\..\objs\release\ftxf86.obj
         .\..\..\..\objs\release\ftlcdfil.obj
         .\..\..\..\objs\release\ftgxval.obj
         .\..\..\..\objs\release\ftotval.obj
         .\..\..\..\objs\release\ftpatent.obj
         .\..\..\..\objs\release\pcf.obj
         .\..\..\..\objs\release\pfr.obj
         .\..\..\..\objs\release\psaux.obj
         .\..\..\..\objs\release\pshinter.obj
         .\..\..\..\objs\release\psmodule.obj
         .\..\..\..\objs\release\raster.obj
         .\..\..\..\objs\release\sfnt.obj
         .\..\..\..\objs\release\truetype.obj
         .\..\..\..\objs\release\type1.obj
         .\..\..\..\objs\release\type1cid.obj
         .\..\..\..\objs\release\type42.obj
         .\..\..\..\objs\release\winfnt.obj
         freetype.vcxproj -> C:\Users\tanghailong\projects\worksnew\vn2d\dep\freetype\builds\windows\vc2013\.\..\..\..\objs\win32\vc2010\freetype252.lib
     1>已完成生成项目“C:\Users\tanghailong\projects\worksnew\vn2d\dep\freetype\builds\windows\vc2013\freetype.vcxproj”(Rebuild 个目标)的操作。

生成成功。

已用时间 00:00:04.78
